<?xml version="1.0" encoding="UTF-8"?>
<!-- Generated by org.testng.reporters.JUnitReportReporter -->
<testsuite skipped="0" hostname="ATMECSINLT-407" name="com.atmecs.assess.yatra.testscripts.flightbooking" tests="1" failures="0" timestamp="2020-12-16T17:07:45 IST" time="53.500" errors="0">
  <testcase name="runBooking" time="53.500" classname="com.atmecs.assess.yatra.testscripts.flightbooking"/>
</testsuite> <!-- com.atmecs.assess.yatra.testscripts.flightbooking -->
