<?xml version="1.0" encoding="UTF-8"?>
<!-- Generated by org.testng.reporters.JUnitReportReporter -->
<testsuite skipped="0" hostname="ATMECSINLT-407" name="com.atmecs.assess.yatra.testscripts.FlightBooking" tests="1" failures="0" timestamp="2020-12-21T16:01:52 IST" time="43.446" errors="0">
  <testcase name="runBooking" time="43.446" classname="com.atmecs.assess.yatra.testscripts.FlightBooking"/>
</testsuite> <!-- com.atmecs.assess.yatra.testscripts.FlightBooking -->
