<?xml version="1.0" encoding="UTF-8"?>
<!-- Generated by org.testng.reporters.JUnitReportReporter -->
<testsuite skipped="0" hostname="ATMECSINLT-407" name="com.atmecs.assess.yatra.testscripts.Monuments" tests="1" failures="0" timestamp="2020-12-16T20:28:49 IST" time="22.951" errors="0">
  <testcase name="runMonument" time="22.951" classname="com.atmecs.assess.yatra.testscripts.Monuments"/>
</testsuite> <!-- com.atmecs.assess.yatra.testscripts.Monuments -->
