<?xml version="1.0" encoding="UTF-8"?>
<!-- Generated by org.testng.reporters.JUnitReportReporter -->
<testsuite skipped="0" hostname="ATMECSINLT-407" name="com.atmecs.assess.yatra.testscripts.flightbooking" tests="1" failures="0" timestamp="2020-12-16T17:42:54 IST" time="40.472" errors="0">
  <testcase name="runBooking" time="40.472" classname="com.atmecs.assess.yatra.testscripts.flightbooking"/>
  <system-out/>
</testsuite> <!-- com.atmecs.assess.yatra.testscripts.flightbooking -->
