<?xml version="1.0" encoding="UTF-8"?>
<!-- Generated by org.testng.reporters.JUnitReportReporter -->
<testsuite skipped="0" hostname="ATMECSINLT-407" name="com.atmecs.assess.yatra.testscripts.Monuments" tests="1" failures="0" timestamp="2020-12-18T19:04:58 IST" time="18.340" errors="0">
  <testcase name="runMonument" time="18.340" classname="com.atmecs.assess.yatra.testscripts.Monuments"/>
  <system-out/>
</testsuite> <!-- com.atmecs.assess.yatra.testscripts.Monuments -->
